  [1m[35m (149.0ms)[0m  [1m[35mCREATE DATABASE "sourdough_app_development" ENCODING = 'unicode'[0m
  [1m[35m (75.8ms)[0m  [1m[35mCREATE DATABASE "sourdough_app_test" ENCODING = 'unicode'[0m
  [1m[35m (49.4ms)[0m  [1m[35mCREATE TABLE "schema_migrations" ("version" character varying NOT NULL PRIMARY KEY)[0m
  [1m[35m (45.6ms)[0m  [1m[35mCREATE TABLE "ar_internal_metadata" ("key" character varying NOT NULL PRIMARY KEY, "value" character varying, "created_at" timestamp(6) NOT NULL, "updated_at" timestamp(6) NOT NULL)[0m
  [1m[35m (0.2ms)[0m  [1m[34mSELECT pg_try_advisory_lock(667646214770370150)[0m
  [1m[35m (0.5ms)[0m  [1m[34mSELECT "schema_migrations"."version" FROM "schema_migrations" ORDER BY "schema_migrations"."version" ASC[0m
Migrating to CreateUsers (20200130001956)
  [1m[35m (0.2ms)[0m  [1m[35mBEGIN[0m
  [1m[35m (45.2ms)[0m  [1m[35mCREATE TABLE "users" ("id" bigserial primary key, "email" character varying, "password" character varying, "created_at" timestamp(6) NOT NULL, "updated_at" timestamp(6) NOT NULL)[0m
  [1m[36mprimary::SchemaMigration Create (0.4ms)[0m  [1m[32mINSERT INTO "schema_migrations" ("version") VALUES ($1) RETURNING "version"[0m  [["version", "20200130001956"]]
  [1m[35m (0.4ms)[0m  [1m[35mCOMMIT[0m
  [1m[36mActiveRecord::InternalMetadata Load (0.4ms)[0m  [1m[34mSELECT "ar_internal_metadata".* FROM "ar_internal_metadata" WHERE "ar_internal_metadata"."key" = $1 LIMIT $2[0m  [["key", "environment"], ["LIMIT", 1]]
  [1m[35m (0.1ms)[0m  [1m[35mBEGIN[0m
  [1m[36mActiveRecord::InternalMetadata Create (0.4ms)[0m  [1m[32mINSERT INTO "ar_internal_metadata" ("key", "value", "created_at", "updated_at") VALUES ($1, $2, $3, $4) RETURNING "key"[0m  [["key", "environment"], ["value", "development"], ["created_at", "2020-01-30 00:20:05.044560"], ["updated_at", "2020-01-30 00:20:05.044560"]]
  [1m[35m (40.8ms)[0m  [1m[35mCOMMIT[0m
  [1m[35m (0.3ms)[0m  [1m[34mSELECT pg_advisory_unlock(667646214770370150)[0m
  [1m[35m (1.0ms)[0m  [1m[34mSELECT "schema_migrations"."version" FROM "schema_migrations" ORDER BY "schema_migrations"."version" ASC[0m
  [1m[35m (0.2ms)[0m  [1m[34mSELECT pg_try_advisory_lock(667646214770370150)[0m
  [1m[35m (0.7ms)[0m  [1m[34mSELECT "schema_migrations"."version" FROM "schema_migrations" ORDER BY "schema_migrations"."version" ASC[0m
Migrating to CreateNotes (20200130005830)
  [1m[35m (0.2ms)[0m  [1m[35mBEGIN[0m
  [1m[35m (50.2ms)[0m  [1m[35mCREATE TABLE "notes" ("id" bigserial primary key, "bake_id" integer, "title" character varying, "content" character varying, "created_at" timestamp(6) NOT NULL, "updated_at" timestamp(6) NOT NULL)[0m
  [1m[36mprimary::SchemaMigration Create (0.3ms)[0m  [1m[32mINSERT INTO "schema_migrations" ("version") VALUES ($1) RETURNING "version"[0m  [["version", "20200130005830"]]
  [1m[35m (0.6ms)[0m  [1m[35mCOMMIT[0m
  [1m[36mActiveRecord::InternalMetadata Load (43.1ms)[0m  [1m[34mSELECT "ar_internal_metadata".* FROM "ar_internal_metadata" WHERE "ar_internal_metadata"."key" = $1 LIMIT $2[0m  [["key", "environment"], ["LIMIT", 1]]
  [1m[35m (0.2ms)[0m  [1m[34mSELECT pg_advisory_unlock(667646214770370150)[0m
  [1m[35m (0.6ms)[0m  [1m[34mSELECT "schema_migrations"."version" FROM "schema_migrations" ORDER BY "schema_migrations"."version" ASC[0m
  [1m[35m (0.1ms)[0m  [1m[34mSELECT pg_try_advisory_lock(667646214770370150)[0m
  [1m[35m (0.4ms)[0m  [1m[34mSELECT "schema_migrations"."version" FROM "schema_migrations" ORDER BY "schema_migrations"."version" ASC[0m
Migrating to CreateBakes (20200130010129)
  [1m[35m (0.1ms)[0m  [1m[35mBEGIN[0m
  [1m[35m (44.8ms)[0m  [1m[35mCREATE TABLE "bakes" ("id" bigserial primary key, "user_id" integer, "total_flour_g" integer, "total_flour_p" integer, "water_g" integer, "water_p" integer, "salt_g" integer, "salt_p" integer, "leaven_g" integer, "leaven_p" integer, "hydration" integer, "rating" integer, "name" character varying, "date" character varying, "created_at" timestamp(6) NOT NULL, "updated_at" timestamp(6) NOT NULL)[0m
  [1m[36mprimary::SchemaMigration Create (0.3ms)[0m  [1m[32mINSERT INTO "schema_migrations" ("version") VALUES ($1) RETURNING "version"[0m  [["version", "20200130010129"]]
  [1m[35m (0.6ms)[0m  [1m[35mCOMMIT[0m
  [1m[36mActiveRecord::InternalMetadata Load (0.3ms)[0m  [1m[34mSELECT "ar_internal_metadata".* FROM "ar_internal_metadata" WHERE "ar_internal_metadata"."key" = $1 LIMIT $2[0m  [["key", "environment"], ["LIMIT", 1]]
  [1m[35m (0.2ms)[0m  [1m[34mSELECT pg_advisory_unlock(667646214770370150)[0m
  [1m[35m (0.5ms)[0m  [1m[34mSELECT "schema_migrations"."version" FROM "schema_migrations" ORDER BY "schema_migrations"."version" ASC[0m
  [1m[35m (0.5ms)[0m  [1m[34mSELECT "schema_migrations"."version" FROM "schema_migrations" ORDER BY "schema_migrations"."version" ASC[0m
  [1m[35m (0.1ms)[0m  [1m[35mBEGIN[0m
  [1m[36mUser Create (4.1ms)[0m  [1m[32mINSERT INTO "users" ("email", "password", "created_at", "updated_at") VALUES ($1, $2, $3, $4) RETURNING "id"[0m  [["email", "kat@kat.kat"], ["password", "kat"], ["created_at", "2020-01-30 17:49:08.401862"], ["updated_at", "2020-01-30 17:49:08.401862"]]
  [1m[35m (0.4ms)[0m  [1m[35mCOMMIT[0m
  [1m[35m (0.1ms)[0m  [1m[35mBEGIN[0m
  [1m[36mUser Create (0.2ms)[0m  [1m[32mINSERT INTO "users" ("email", "password", "created_at", "updated_at") VALUES ($1, $2, $3, $4) RETURNING "id"[0m  [["email", "oli@oli.oli"], ["password", "oli"], ["created_at", "2020-01-30 17:49:08.409044"], ["updated_at", "2020-01-30 17:49:08.409044"]]
  [1m[35m (0.3ms)[0m  [1m[35mCOMMIT[0m
  [1m[35m (0.1ms)[0m  [1m[35mBEGIN[0m
  [1m[36mBake Create (41.3ms)[0m  [1m[32mINSERT INTO "bakes" ("user_id", "total_flour_g", "total_flour_p", "water_g", "water_p", "salt_g", "salt_p", "leaven_g", "leaven_p", "hydration", "rating", "name", "date", "created_at", "updated_at") VALUES ($1, $2, $3, $4, $5, $6, $7, $8, $9, $10, $11, $12, $13, $14, $15) RETURNING "id"[0m  [["user_id", 1], ["total_flour_g", 1000], ["total_flour_p", 100], ["water_g", 700], ["water_p", 70], ["salt_g", 20], ["salt_p", 2], ["leaven_g", 200], ["leaven_p", 20], ["hydration", 70], ["rating", 5], ["name", "Country Loaf"], ["date", "01/01/2020"], ["created_at", "2020-01-30 17:49:08.427595"], ["updated_at", "2020-01-30 17:49:08.427595"]]
  [1m[35m (0.4ms)[0m  [1m[35mCOMMIT[0m
  [1m[35m (0.1ms)[0m  [1m[35mBEGIN[0m
  [1m[36mBake Create (0.3ms)[0m  [1m[32mINSERT INTO "bakes" ("user_id", "total_flour_g", "total_flour_p", "water_g", "water_p", "salt_g", "salt_p", "leaven_g", "leaven_p", "hydration", "rating", "name", "date", "created_at", "updated_at") VALUES ($1, $2, $3, $4, $5, $6, $7, $8, $9, $10, $11, $12, $13, $14, $15) RETURNING "id"[0m  [["user_id", 1], ["total_flour_g", 2000], ["total_flour_p", 100], ["water_g", 1400], ["water_p", 70], ["salt_g", 40], ["salt_p", 2], ["leaven_g", 400], ["leaven_p", 20], ["hydration", 70], ["rating", 4], ["name", "Country Loaf Double Batch"], ["date", "05/01/2020"], ["created_at", "2020-01-30 17:49:08.472857"], ["updated_at", "2020-01-30 17:49:08.472857"]]
  [1m[35m (0.3ms)[0m  [1m[35mCOMMIT[0m
  [1m[35m (0.1ms)[0m  [1m[35mBEGIN[0m
  [1m[36mBake Create (0.2ms)[0m  [1m[32mINSERT INTO "bakes" ("user_id", "total_flour_g", "total_flour_p", "water_g", "water_p", "salt_g", "salt_p", "leaven_g", "leaven_p", "hydration", "rating", "name", "date", "created_at", "updated_at") VALUES ($1, $2, $3, $4, $5, $6, $7, $8, $9, $10, $11, $12, $13, $14, $15) RETURNING "id"[0m  [["user_id", 2], ["total_flour_g", 1000], ["total_flour_p", 100], ["water_g", 700], ["water_p", 70], ["salt_g", 20], ["salt_p", 2], ["leaven_g", 200], ["leaven_p", 20], ["hydration", 70], ["rating", 5], ["name", "Oli Country Loaf"], ["date", "01/12/2019"], ["created_at", "2020-01-30 17:49:08.476218"], ["updated_at", "2020-01-30 17:49:08.476218"]]
  [1m[35m (0.3ms)[0m  [1m[35mCOMMIT[0m
  [1m[35m (0.1ms)[0m  [1m[35mBEGIN[0m
  [1m[36mBake Create (0.2ms)[0m  [1m[32mINSERT INTO "bakes" ("user_id", "total_flour_g", "total_flour_p", "water_g", "water_p", "salt_g", "salt_p", "leaven_g", "leaven_p", "hydration", "rating", "name", "date", "created_at", "updated_at") VALUES ($1, $2, $3, $4, $5, $6, $7, $8, $9, $10, $11, $12, $13, $14, $15) RETURNING "id"[0m  [["user_id", 2], ["total_flour_g", 1000], ["total_flour_p", 100], ["water_g", 700], ["water_p", 70], ["salt_g", 20], ["salt_p", 2], ["leaven_g", 200], ["leaven_p", 20], ["hydration", 70], ["rating", 5], ["name", "Roasted Garlic Batard"], ["date", "01/01/2020"], ["created_at", "2020-01-30 17:49:08.479274"], ["updated_at", "2020-01-30 17:49:08.479274"]]
  [1m[35m (0.3ms)[0m  [1m[35mCOMMIT[0m
  [1m[35m (0.1ms)[0m  [1m[35mBEGIN[0m
  [1m[36mNote Create (41.3ms)[0m  [1m[32mINSERT INTO "notes" ("bake_id", "title", "content", "created_at", "updated_at") VALUES ($1, $2, $3, $4, $5) RETURNING "id"[0m  [["bake_id", 1], ["title", "Flours used"], ["content", "900g King Arthur Flour white all purpose, 100g whole wheat"], ["created_at", "2020-01-30 17:49:08.490918"], ["updated_at", "2020-01-30 17:49:08.490918"]]
  [1m[35m (0.3ms)[0m  [1m[35mCOMMIT[0m
  [1m[35m (0.1ms)[0m  [1m[35mBEGIN[0m
  [1m[36mNote Create (0.2ms)[0m  [1m[32mINSERT INTO "notes" ("bake_id", "title", "content", "created_at", "updated_at") VALUES ($1, $2, $3, $4, $5) RETURNING "id"[0m  [["bake_id", 2], ["title", "Flours used"], ["content", "900g King Arthur Flour white all purpose, 100g whole wheat"], ["created_at", "2020-01-30 17:49:08.535251"], ["updated_at", "2020-01-30 17:49:08.535251"]]
  [1m[35m (0.3ms)[0m  [1m[35mCOMMIT[0m
  [1m[35m (0.1ms)[0m  [1m[35mBEGIN[0m
  [1m[36mNote Create (0.2ms)[0m  [1m[32mINSERT INTO "notes" ("bake_id", "title", "content", "created_at", "updated_at") VALUES ($1, $2, $3, $4, $5) RETURNING "id"[0m  [["bake_id", 2], ["title", "Autolyze"], ["content", "1 hour at 80F"], ["created_at", "2020-01-30 17:49:08.537870"], ["updated_at", "2020-01-30 17:49:08.537870"]]
  [1m[35m (0.3ms)[0m  [1m[35mCOMMIT[0m
  [1m[35m (0.1ms)[0m  [1m[35mBEGIN[0m
  [1m[36mNote Create (0.2ms)[0m  [1m[32mINSERT INTO "notes" ("bake_id", "title", "content", "created_at", "updated_at") VALUES ($1, $2, $3, $4, $5) RETURNING "id"[0m  [["bake_id", 3], ["title", "Flours used"], ["content", "900g King Arthur Flour white all purpose, 100g whole wheat"], ["created_at", "2020-01-30 17:49:08.540346"], ["updated_at", "2020-01-30 17:49:08.540346"]]
  [1m[35m (0.3ms)[0m  [1m[35mCOMMIT[0m
  [1m[35m (0.1ms)[0m  [1m[35mBEGIN[0m
  [1m[36mNote Create (0.2ms)[0m  [1m[32mINSERT INTO "notes" ("bake_id", "title", "content", "created_at", "updated_at") VALUES ($1, $2, $3, $4, $5) RETURNING "id"[0m  [["bake_id", 4], ["title", "Flours used"], ["content", "900g King Arthur Flour white all purpose, 100g whole wheat"], ["created_at", "2020-01-30 17:49:08.542873"], ["updated_at", "2020-01-30 17:49:08.542873"]]
  [1m[35m (0.3ms)[0m  [1m[35mCOMMIT[0m
  [1m[36mUser Load (0.4ms)[0m  [1m[34mSELECT "users".* FROM "users" LIMIT $1[0m  [["LIMIT", 11]]
  [1m[36mBake Load (0.4ms)[0m  [1m[34mSELECT "bakes".* FROM "bakes" LIMIT $1[0m  [["LIMIT", 11]]
  [1m[36mNote Load (0.4ms)[0m  [1m[34mSELECT "notes".* FROM "notes" LIMIT $1[0m  [["LIMIT", 11]]
Started GET "/" for ::1 at 2020-01-30 09:52:46 -0800
  [1m[35m (0.6ms)[0m  [1m[34mSELECT "schema_migrations"."version" FROM "schema_migrations" ORDER BY "schema_migrations"."version" ASC[0m
Processing by Rails::WelcomeController#index as HTML
  Rendering /Users/olikat/.rvm/gems/ruby-2.6.1/gems/railties-6.0.2.1/lib/rails/templates/rails/welcome/index.html.erb
  Rendered /Users/olikat/.rvm/gems/ruby-2.6.1/gems/railties-6.0.2.1/lib/rails/templates/rails/welcome/index.html.erb (Duration: 8.7ms | Allocations: 481)
Completed 200 OK in 20ms (Views: 15.0ms | ActiveRecord: 0.0ms | Allocations: 2641)


Started GET "/favicon.ico" for ::1 at 2020-01-30 09:52:47 -0800
  
ActionController::RoutingError (No route matches [GET] "/favicon.ico"):
  
actionpack (6.0.2.1) lib/action_dispatch/middleware/debug_exceptions.rb:36:in `call'
actionpack (6.0.2.1) lib/action_dispatch/middleware/show_exceptions.rb:33:in `call'
railties (6.0.2.1) lib/rails/rack/logger.rb:38:in `call_app'
railties (6.0.2.1) lib/rails/rack/logger.rb:26:in `block in call'
activesupport (6.0.2.1) lib/active_support/tagged_logging.rb:80:in `block in tagged'
activesupport (6.0.2.1) lib/active_support/tagged_logging.rb:28:in `tagged'
activesupport (6.0.2.1) lib/active_support/tagged_logging.rb:80:in `tagged'
railties (6.0.2.1) lib/rails/rack/logger.rb:26:in `call'
actionpack (6.0.2.1) lib/action_dispatch/middleware/remote_ip.rb:81:in `call'
actionpack (6.0.2.1) lib/action_dispatch/middleware/request_id.rb:27:in `call'
rack (2.1.2) lib/rack/runtime.rb:24:in `call'
activesupport (6.0.2.1) lib/active_support/cache/strategy/local_cache_middleware.rb:29:in `call'
actionpack (6.0.2.1) lib/action_dispatch/middleware/executor.rb:14:in `call'
actionpack (6.0.2.1) lib/action_dispatch/middleware/static.rb:126:in `call'
rack (2.1.2) lib/rack/sendfile.rb:113:in `call'
actionpack (6.0.2.1) lib/action_dispatch/middleware/host_authorization.rb:83:in `call'
railties (6.0.2.1) lib/rails/engine.rb:526:in `call'
puma (4.3.1) lib/puma/configuration.rb:228:in `call'
puma (4.3.1) lib/puma/server.rb:681:in `handle_request'
puma (4.3.1) lib/puma/server.rb:472:in `process_client'
puma (4.3.1) lib/puma/server.rb:328:in `block in run'
puma (4.3.1) lib/puma/thread_pool.rb:134:in `block in spawn_thread'
